<?xml version="1.0" encoding="UTF-8"?>
<testsuite xmlns:xsi="http://www.w3.org/2001/XMLSchema-instance" xsi:noNamespaceSchemaLocation="https://maven.apache.org/surefire/maven-surefire-plugin/xsd/surefire-test-report-3.0.xsd" version="3.0" name="com.blockchain.EHR.PatientControllerTest" time="2.313" tests="6" errors="0" skipped="0" failures="0">
  <properties>
[...]
</properties>
  <testcase name="testGetAcceptedDoctors" classname="com.blockchain.EHR.PatientControllerTest" time="0.108">
    <system-out><![CDATA[15:49:59.676 [main] INFO org.springframework.test.context.support.AnnotationConfigContextLoaderUtils -- Could not detect default configuration classes for test class [com.blockchain.EHR.PatientControllerTest]: PatientControllerTest does not declare any static, non-private, non-final, nested classes annotated with @Configuration.
15:49:59.754 [main] INFO org.springframework.boot.test.context.SpringBootTestContextBootstrapper -- Found @SpringBootConfiguration com.blockchain.EHR.EhrApplication for test class com.blockchain.EHR.PatientControllerTest

  .   ____          _            __ _ _
 /\\ / ___'_ __ _ _(_)_ __  __ _ \ \ \ \
( ( )\___ | '_ | '_| | '_ \/ _` | \ \ \ \
 \\/  ___)| |_)| | | | | || (_| |  ) ) ) )
  '  |____| .__|_| |_|_| |_\__, | / / / /
 =========|_|==============|___/=/_/_/_/

 :: Spring Boot ::                (v3.3.4)

2025-10-14T15:49:59.985+05:30  INFO 15594 --- [EHR] [           main] c.blockchain.EHR.PatientControllerTest   : Starting PatientControllerTest using Java 21.0.8 with PID 15594 (started by abhi in /home/abhi/Wellnest/backend)
2025-10-14T15:49:59.987+05:30  INFO 15594 --- [EHR] [           main] c.blockchain.EHR.PatientControllerTest   : No active profile set, falling back to 1 default profile: "default"
2025-10-14T15:50:01.340+05:30  INFO 15594 --- [EHR] [           main] o.s.b.a.w.s.WelcomePageHandlerMapping    : Adding welcome page: class path resource [static/index.html]
2025-10-14T15:50:01.587+05:30  INFO 15594 --- [EHR] [           main] r$InitializeUserDetailsManagerConfigurer : Global AuthenticationManager configured with UserDetailsService bean with name inMemoryUserDetailsManager
2025-10-14T15:50:01.682+05:30  INFO 15594 --- [EHR] [           main] o.s.b.t.m.w.SpringBootMockServletContext : Initializing Spring TestDispatcherServlet ''
2025-10-14T15:50:01.683+05:30  INFO 15594 --- [EHR] [           main] o.s.t.web.servlet.TestDispatcherServlet  : Initializing Servlet ''
2025-10-14T15:50:01.684+05:30  INFO 15594 --- [EHR] [           main] o.s.t.web.servlet.TestDispatcherServlet  : Completed initialization in 1 ms
2025-10-14T15:50:01.706+05:30  INFO 15594 --- [EHR] [           main] c.blockchain.EHR.PatientControllerTest   : Started PatientControllerTest in 1.912 seconds (process running for 2.735)
]]></system-out>
    <system-err><![CDATA[WARNING: A Java agent has been loaded dynamically (/home/abhi/.m2/repository/net/bytebuddy/byte-buddy-agent/1.14.19/byte-buddy-agent-1.14.19.jar)
WARNING: If a serviceability tool is in use, please run with -XX:+EnableDynamicAgentLoading to hide this warning
WARNING: If a serviceability tool is not in use, please run with -Djdk.instrument.traceUsage for more information
WARNING: Dynamic loading of agents will be disallowed by default in a future release
]]></system-err>
  </testcase>
  <testcase name="testUpdatePendingRequest" classname="com.blockchain.EHR.PatientControllerTest" time="0.016">
    <system-out><![CDATA[Update Pending
]]></system-out>
  </testcase>
  <testcase name="testViewEhr" classname="com.blockchain.EHR.PatientControllerTest" time="0.007">
    <system-out><![CDATA[Returning document
]]></system-out>
  </testcase>
  <testcase name="testGetPendingRequests" classname="com.blockchain.EHR.PatientControllerTest" time="0.006">
    <system-out><![CDATA[pending request
]]></system-out>
  </testcase>
  <testcase name="testGetRevokedDoctors" classname="com.blockchain.EHR.PatientControllerTest" time="0.008"/>
  <testcase name="testGetDoctorHistory" classname="com.blockchain.EHR.PatientControllerTest" time="0.009">
    <system-out><![CDATA[calling GetHistory
]]></system-out>
  </testcase>
</testsuite>